The system is: Windows - 10.0.19041 - AMD64
Compiling the C compiler identification source file "CMakeCCompilerId.c" succeeded.
Compiler: C:/Program Files (x86)/Microsoft Visual Studio/2019/Community/VC/Tools/MSVC/14.26.28801/bin/Hostx86/x86/cl.exe 
Build flags: 
Id flags:  

The output was:
0
Microsoft (R) C/C++ Optimizing Compiler versione 19.26.28806 per x86
Copyright (C) Microsoft Corporation. Tutti i diritti  sono riservati.

CMakeCCompilerId.c
Microsoft (R) Incremental Linker Version 14.26.28806.0
Copyright (C) Microsoft Corporation.  All rights reserved.

/out:CMakeCCompilerId.exe 
CMakeCCompilerId.obj 


Compilation of the C compiler identification source "CMakeCCompilerId.c" produced "CMakeCCompilerId.exe"

Compilation of the C compiler identification source "CMakeCCompilerId.c" produced "CMakeCCompilerId.obj"

The C compiler identification is MSVC, found in "E:/Raytracer/build/CMakeFiles/3.18.2/CompilerIdC/CMakeCCompilerId.exe"

Compiling the CXX compiler identification source file "CMakeCXXCompilerId.cpp" succeeded.
Compiler: C:/Program Files (x86)/Microsoft Visual Studio/2019/Community/VC/Tools/MSVC/14.26.28801/bin/Hostx86/x86/cl.exe 
Build flags: 
Id flags:  

The output was:
0
Microsoft (R) C/C++ Optimizing Compiler versione 19.26.28806 per x86
Copyright (C) Microsoft Corporation. Tutti i diritti  sono riservati.

CMakeCXXCompilerId.cpp
Microsoft (R) Incremental Linker Version 14.26.28806.0
Copyright (C) Microsoft Corporation.  All rights reserved.

/out:CMakeCXXCompilerId.exe 
CMakeCXXCompilerId.obj 


Compilation of the CXX compiler identification source "CMakeCXXCompilerId.cpp" produced "CMakeCXXCompilerId.exe"

Compilation of the CXX compiler identification source "CMakeCXXCompilerId.cpp" produced "CMakeCXXCompilerId.obj"

The CXX compiler identification is MSVC, found in "E:/Raytracer/build/CMakeFiles/3.18.2/CompilerIdCXX/CMakeCXXCompilerId.exe"

Detecting C compiler ABI info compiled with the following output:
Change Dir: E:/Raytracer/build/CMakeFiles/CMakeTmp

Run Build Command(s):nmake /nologo cmTC_677b8\fast && 	"C:\Program Files (x86)\Microsoft Visual Studio\2019\Community\VC\Tools\MSVC\14.26.28801\bin\HostX86\x86\nmake.exe"  -f CMakeFiles\cmTC_677b8.dir\build.make /nologo -L                  CMakeFiles\cmTC_677b8.dir\build
Building C object CMakeFiles/cmTC_677b8.dir/CMakeCCompilerABI.c.obj
	C:\PROGRA~2\MICROS~1\2019\COMMUN~1\VC\Tools\MSVC\1426~1.288\bin\Hostx86\x86\cl.exe @C:\Users\Kevin\AppData\Local\Temp\nm7F9D.tmp
CMakeCCompilerABI.c
Linking C executable cmTC_677b8.exe
	D:\Dev\CMake\bin\cmake.exe -E vs_link_exe --intdir=CMakeFiles\cmTC_677b8.dir --rc="D:\Windows Kits\10\bin\10.0.18362.0\x86\rc.exe" --mt="D:\Windows Kits\10\bin\10.0.18362.0\x86\mt.exe" --manifests -- C:\PROGRA~2\MICROS~1\2019\COMMUN~1\VC\Tools\MSVC\1426~1.288\bin\Hostx86\x86\link.exe /nologo @CMakeFiles\cmTC_677b8.dir\objects1.rsp @C:\Users\Kevin\AppData\Local\Temp\nm81B2.tmp



Detecting CXX compiler ABI info compiled with the following output:
Change Dir: E:/Raytracer/build/CMakeFiles/CMakeTmp

Run Build Command(s):nmake /nologo cmTC_96466\fast && 	"C:\Program Files (x86)\Microsoft Visual Studio\2019\Community\VC\Tools\MSVC\14.26.28801\bin\HostX86\x86\nmake.exe"  -f CMakeFiles\cmTC_96466.dir\build.make /nologo -L                  CMakeFiles\cmTC_96466.dir\build
Building CXX object CMakeFiles/cmTC_96466.dir/CMakeCXXCompilerABI.cpp.obj
	C:\PROGRA~2\MICROS~1\2019\COMMUN~1\VC\Tools\MSVC\1426~1.288\bin\Hostx86\x86\cl.exe @C:\Users\Kevin\AppData\Local\Temp\nm9D47.tmp
CMakeCXXCompilerABI.cpp
Linking CXX executable cmTC_96466.exe
	D:\Dev\CMake\bin\cmake.exe -E vs_link_exe --intdir=CMakeFiles\cmTC_96466.dir --rc="D:\Windows Kits\10\bin\10.0.18362.0\x86\rc.exe" --mt="D:\Windows Kits\10\bin\10.0.18362.0\x86\mt.exe" --manifests -- C:\PROGRA~2\MICROS~1\2019\COMMUN~1\VC\Tools\MSVC\1426~1.288\bin\Hostx86\x86\link.exe /nologo @CMakeFiles\cmTC_96466.dir\objects1.rsp @C:\Users\Kevin\AppData\Local\Temp\nm9EA0.tmp



